<?xml version="1.0" encoding="UTF-8"?>
<!-- Generated by org.testng.reporters.JUnitReportReporter -->
<testsuite hostname="LAPTOP-K98R35IJ" failures="0" tests="3" name="com.lifeup.swaglab.test.LoginTest" time="6.636" errors="0" timestamp="2025-10-02T21:31:31 IST" skipped="0">
  <testcase classname="com.lifeup.swaglab.test.LoginTest" name="loginWithInValidUserNameAndValidPassword" time="2.908"/>
  <testcase classname="com.lifeup.swaglab.test.LoginTest" name="loginWithValidUserNameAndInvalidPassword" time="1.819"/>
  <testcase classname="com.lifeup.swaglab.test.LoginTest" name="loginWithValidCredentials" time="1.909"/>
</testsuite> <!-- com.lifeup.swaglab.test.LoginTest -->
