<?xml version="1.0" encoding="UTF-8"?>
<!-- Generated by org.testng.reporters.JUnitReportReporter -->
<testsuite hostname="LAPTOP-K98R35IJ" failures="0" tests="2" name="com.lifeup.swaglab.test.ProductsTest" time="6.430" errors="0" timestamp="2025-10-02T22:07:19 IST" skipped="0">
  <testcase classname="com.lifeup.swaglab.test.ProductsTest" name="checkoutProduct" time="3.492"/>
  <testcase classname="com.lifeup.swaglab.test.ProductsTest" name="checkoutProduct" time="2.938"/>
</testsuite> <!-- com.lifeup.swaglab.test.ProductsTest -->
